ISim log file
Running: D:\Documents\Academics\lab4memory\testbench_isim_beh.exe -gui -tclbatch isim.cmd -wdb D:/Documents/Academics/lab4memory/testbench_isim_beh.wdb 
ISim M.63c (signature 0x7dea747)
----------------------------------------------------------------------
INFO:Security:51 - The XILINXD_LICENSE_FILE environment variable is not set.
INFO:Security:53 - The LM_LICENSE_FILE environment variable is not set.
INFO:Security:68 - Please run the Xilinx License Configuration Manager
       (xlcm or "Manage Xilinx Licenses")
       to assist in obtaining a license.
WARNING:Security:43 - No license file was found in the standard Xilinx license directory.
WARNING:Security:44 - No license file was found.
       Please run the Xilinx License Configuration Manager
       (xlcm or "Manage Xilinx Licenses")
       to assist in obtaining a license.
ERROR:Security:14 - No feature was available for 'ISIM'.

No such feature exists.
Feature:       ISIM
License path:  C:/.Xilinx;C:\Xilinx\12.2\ISE_DS\ISE\/data\*.lic;C:\Xilinx\12.2\ISE_DS\ISE\/coregen/core_licenses\Xilinx.lic;C:\Xilinx\12.2\ISE_DS\ISE\/coregen/core_licenses\XilinxFree.lic;C:\Xilinx\12.2\ISE_DS\EDK/data/core_licenses\Xilinx.lic;
FLEXnet Licensing error:-5,357
For further information, refer to the FLEXnet Licensing documentation,
available at "www.acresso.com".
----------------------------------------------------------------------
WARNING: A full ISim License cannot be checked out due to the issues listed above. Please use Xilinx License Configuration Manager to fix these issues in order to check out a full ISim license.
WARNING: ISim will run in Lite mode. Please refer to the ISim documentation for more information on the differences between the Lite and the Full version.
This is a Lite version of ISim.
Time resolution is 1 ps
# onerror resume
# wave add /
# run 1000 ns
Simulator is doing circuit initialization process.
Finished circuit initialization process.
                   0clk = 0  Din = xxx write = x read = x output = 000
                   1clk = 1  Din = 110 write = 1 read = 0 output = 000
                   2clk = 0  Din = 110 write = 0 read = 1 output = 110
                   3clk = 1  Din = 110 write = 0 read = 1 output = 110
                   4clk = 0  Din = 110 write = 0 read = 1 output = 110
                   5clk = 1  Din = 110 write = 0 read = 1 output = 110
                   6clk = 0  Din = 110 write = 0 read = 1 output = 110
                   7clk = 1  Din = 110 write = 0 read = 1 output = 110
                   8clk = 0  Din = 110 write = 0 read = 1 output = 110
                   9clk = 1  Din = 110 write = 0 read = 1 output = 110
                  10clk = 0  Din = 110 write = 0 read = 1 output = 110
                  11clk = 1  Din = 110 write = 0 read = 1 output = 110
                  12clk = 0  Din = 110 write = 0 read = 1 output = 110
                  13clk = 1  Din = 110 write = 0 read = 1 output = 110
                  14clk = 0  Din = 110 write = 0 read = 1 output = 110
                  15clk = 1  Din = 110 write = 0 read = 1 output = 110
