ISim log file
Running: D:\Documents\Academics\sem 2-2\CO\Labs\lab5\testbench_isim_beh.exe -gui -tclbatch isim.cmd -wdb D:/Documents/Academics/sem 2-2/CO/Labs/lab5/testbench_isim_beh.wdb 
ISim M.63c (signature 0x7dea747)
----------------------------------------------------------------------
INFO:Security:51 - The XILINXD_LICENSE_FILE environment variable is not set.
INFO:Security:53 - The LM_LICENSE_FILE environment variable is not set.
INFO:Security:68 - Please run the Xilinx License Configuration Manager
       (xlcm or "Manage Xilinx Licenses")
       to assist in obtaining a license.
WARNING:Security:43 - No license file was found in the standard Xilinx license directory.
WARNING:Security:44 - No license file was found.
       Please run the Xilinx License Configuration Manager
       (xlcm or "Manage Xilinx Licenses")
       to assist in obtaining a license.
ERROR:Security:14 - No feature was available for 'ISIM'.

No such feature exists.
Feature:       ISIM
License path:  C:/.Xilinx;C:\Xilinx\12.2\ISE_DS\ISE\/data\*.lic;C:\Xilinx\12.2\ISE_DS\ISE\/coregen/core_licenses\Xilinx.lic;C:\Xilinx\12.2\ISE_DS\ISE\/coregen/core_licenses\XilinxFree.lic;C:\Xilinx\12.2\ISE_DS\EDK/data/core_licenses\Xilinx.lic;
FLEXnet Licensing error:-5,357
For further information, refer to the FLEXnet Licensing documentation,
available at "www.acresso.com".
----------------------------------------------------------------------
WARNING: A full ISim License cannot be checked out due to the issues listed above. Please use Xilinx License Configuration Manager to fix these issues in order to check out a full ISim license.
WARNING: ISim will run in Lite mode. Please refer to the ISim documentation for more information on the differences between the Lite and the Full version.
This is a Lite version of ISim.
Time resolution is 1 ps
# onerror resume
# wave add /
# run 1000 ns
Simulator is doing circuit initialization process.
Finished circuit initialization process.
                   0clk = 0 ,Reset = x ,opcode = xxxxxx,RegDst = x ,RegWrite = x ,PCWriteCond = x ,PCWrite = x ,IorD = x ,MemRead = x ,MemWrite = x ,MemtoReg = x ,IRWrite = x ,ALUSrcA = x ,PCSource = x ,ALUSrcB = x ,ALUop = x
                   1clk = 1 ,Reset = 1 ,opcode = xxxxxx,RegDst = x ,RegWrite = x ,PCWriteCond = x ,PCWrite = x ,IorD = x ,MemRead = x ,MemWrite = x ,MemtoReg = x ,IRWrite = x ,ALUSrcA = x ,PCSource = x ,ALUSrcB = x ,ALUop = x
                   2clk = 0 ,Reset = 1 ,opcode = xxxxxx,RegDst = 0 ,RegWrite = 0 ,PCWriteCond = 0 ,PCWrite = 0 ,IorD = 0 ,MemRead = 0 ,MemWrite = 0 ,MemtoReg = 0 ,IRWrite = 0 ,ALUSrcA = 0 ,PCSource = 0 ,ALUSrcB = 0 ,ALUop = 0
                   3clk = 1 ,Reset = 1 ,opcode = xxxxxx,RegDst = 0 ,RegWrite = 0 ,PCWriteCond = 0 ,PCWrite = 0 ,IorD = 0 ,MemRead = 0 ,MemWrite = 0 ,MemtoReg = 0 ,IRWrite = 0 ,ALUSrcA = 0 ,PCSource = 0 ,ALUSrcB = 0 ,ALUop = 0
                   4clk = 0 ,Reset = 0 ,opcode = 000100,RegDst = 0 ,RegWrite = 0 ,PCWriteCond = 0 ,PCWrite = 1 ,IorD = 0 ,MemRead = 1 ,MemWrite = 0 ,MemtoReg = 0 ,IRWrite = 1 ,ALUSrcA = 0 ,PCSource = 0 ,ALUSrcB = 1 ,ALUop = 0
                   5clk = 1 ,Reset = 0 ,opcode = 000100,RegDst = 0 ,RegWrite = 0 ,PCWriteCond = 0 ,PCWrite = 1 ,IorD = 0 ,MemRead = 1 ,MemWrite = 0 ,MemtoReg = 0 ,IRWrite = 1 ,ALUSrcA = 0 ,PCSource = 0 ,ALUSrcB = 1 ,ALUop = 0
                   6clk = 0 ,Reset = 0 ,opcode = 000100,RegDst = 0 ,RegWrite = 0 ,PCWriteCond = 0 ,PCWrite = 0 ,IorD = 0 ,MemRead = 0 ,MemWrite = 0 ,MemtoReg = 0 ,IRWrite = 0 ,ALUSrcA = 0 ,PCSource = 0 ,ALUSrcB = 3 ,ALUop = 0
                   7clk = 1 ,Reset = 0 ,opcode = 000100,RegDst = 0 ,RegWrite = 0 ,PCWriteCond = 0 ,PCWrite = 0 ,IorD = 0 ,MemRead = 0 ,MemWrite = 0 ,MemtoReg = 0 ,IRWrite = 0 ,ALUSrcA = 0 ,PCSource = 0 ,ALUSrcB = 3 ,ALUop = 0
                   8clk = 0 ,Reset = 0 ,opcode = 000100,RegDst = 0 ,RegWrite = 0 ,PCWriteCond = 1 ,PCWrite = 0 ,IorD = 0 ,MemRead = 0 ,MemWrite = 0 ,MemtoReg = 0 ,IRWrite = 0 ,ALUSrcA = 1 ,PCSource = 1 ,ALUSrcB = 0 ,ALUop = 1
                   9clk = 1 ,Reset = 0 ,opcode = 000100,RegDst = 0 ,RegWrite = 0 ,PCWriteCond = 1 ,PCWrite = 0 ,IorD = 0 ,MemRead = 0 ,MemWrite = 0 ,MemtoReg = 0 ,IRWrite = 0 ,ALUSrcA = 1 ,PCSource = 1 ,ALUSrcB = 0 ,ALUop = 1
                  10clk = 0 ,Reset = 0 ,opcode = 000100,RegDst = 0 ,RegWrite = 0 ,PCWriteCond = 0 ,PCWrite = 1 ,IorD = 0 ,MemRead = 1 ,MemWrite = 0 ,MemtoReg = 0 ,IRWrite = 1 ,ALUSrcA = 0 ,PCSource = 0 ,ALUSrcB = 1 ,ALUop = 0
                  11clk = 1 ,Reset = 0 ,opcode = 000100,RegDst = 0 ,RegWrite = 0 ,PCWriteCond = 0 ,PCWrite = 1 ,IorD = 0 ,MemRead = 1 ,MemWrite = 0 ,MemtoReg = 0 ,IRWrite = 1 ,ALUSrcA = 0 ,PCSource = 0 ,ALUSrcB = 1 ,ALUop = 0
                  12clk = 0 ,Reset = 0 ,opcode = 000100,RegDst = 0 ,RegWrite = 0 ,PCWriteCond = 0 ,PCWrite = 0 ,IorD = 0 ,MemRead = 0 ,MemWrite = 0 ,MemtoReg = 0 ,IRWrite = 0 ,ALUSrcA = 0 ,PCSource = 0 ,ALUSrcB = 3 ,ALUop = 0
